2015-04-23 21:25:36.817  INFO 3272 --- [main] hello.Application                        : Starting Application on HLN-ICT-L069 with PID 3272 (started by wvandenbrande in C:\wim\persgroep\java projecten\rest0)
2015-04-23 21:25:36.865  INFO 3272 --- [main] ationConfigEmbeddedWebApplicationContext : Refreshing org.springframework.boot.context.embedded.AnnotationConfigEmbeddedWebApplicationContext@23e960ab: startup date [Thu Apr 23 21:25:36 CEST 2015]; root of context hierarchy
2015-04-23 21:25:37.467  INFO 3272 --- [main] o.s.b.f.s.DefaultListableBeanFactory     : Overriding bean definition for bean 'beanNameViewResolver': replacing [Root bean: class [null]; scope=; abstract=false; lazyInit=false; autowireMode=3; dependencyCheck=0; autowireCandidate=true; primary=false; factoryBeanName=org.springframework.boot.autoconfigure.web.ErrorMvcAutoConfiguration$WhitelabelErrorViewConfiguration; factoryMethodName=beanNameViewResolver; initMethodName=null; destroyMethodName=(inferred); defined in class path resource [org/springframework/boot/autoconfigure/web/ErrorMvcAutoConfiguration$WhitelabelErrorViewConfiguration.class]] with [Root bean: class [null]; scope=; abstract=false; lazyInit=false; autowireMode=3; dependencyCheck=0; autowireCandidate=true; primary=false; factoryBeanName=org.springframework.boot.autoconfigure.web.WebMvcAutoConfiguration$WebMvcAutoConfigurationAdapter; factoryMethodName=beanNameViewResolver; initMethodName=null; destroyMethodName=(inferred); defined in class path resource [org/springframework/boot/autoconfigure/web/WebMvcAutoConfiguration$WebMvcAutoConfigurationAdapter.class]]
2015-04-23 21:25:38.355  INFO 3272 --- [main] s.b.c.e.t.TomcatEmbeddedServletContainer : Tomcat initialized with port(s): 8080 (http)
2015-04-23 21:25:38.600  INFO 3272 --- [main] o.apache.catalina.core.StandardService   : Starting service Tomcat
2015-04-23 21:25:38.601  INFO 3272 --- [main] org.apache.catalina.core.StandardEngine  : Starting Servlet Engine: Apache Tomcat/8.0.20
2015-04-23 21:25:38.710  INFO 3272 --- [localhost-startStop-1] o.a.c.c.C.[Tomcat].[localhost].[/]       : Initializing Spring embedded WebApplicationContext
2015-04-23 21:25:38.710  INFO 3272 --- [localhost-startStop-1] o.s.web.context.ContextLoader            : Root WebApplicationContext: initialization completed in 1847 ms
2015-04-23 21:25:39.373  INFO 3272 --- [localhost-startStop-1] o.s.b.c.e.ServletRegistrationBean        : Mapping servlet: 'dispatcherServlet' to [/]
2015-04-23 21:25:39.377  INFO 3272 --- [localhost-startStop-1] o.s.b.c.embedded.FilterRegistrationBean  : Mapping filter: 'characterEncodingFilter' to: [/*]
2015-04-23 21:25:39.377  INFO 3272 --- [localhost-startStop-1] o.s.b.c.embedded.FilterRegistrationBean  : Mapping filter: 'hiddenHttpMethodFilter' to: [/*]
2015-04-23 21:25:39.531  INFO 3272 --- [main] s.w.s.m.m.a.RequestMappingHandlerAdapter : Looking for @ControllerAdvice: org.springframework.boot.context.embedded.AnnotationConfigEmbeddedWebApplicationContext@23e960ab: startup date [Thu Apr 23 21:25:36 CEST 2015]; root of context hierarchy
2015-04-23 21:25:39.581  INFO 3272 --- [main] s.w.s.m.m.a.RequestMappingHandlerMapping : Mapped "{[/greeting],methods=[GET],params=[],headers=[],consumes=[],produces=[application/json],custom=[]}" onto public hello.Greeting hello.GreetingController.greeting(java.lang.String)
2015-04-23 21:25:39.582  INFO 3272 --- [main] s.w.s.m.m.a.RequestMappingHandlerMapping : Mapped "{[/employee/{id}],methods=[GET],params=[],headers=[],consumes=[],produces=[application/json],custom=[]}" onto public java.util.List<domain.Employee> hello.GreetingController.getEmployee(java.lang.Integer)
2015-04-23 21:25:39.587  INFO 3272 --- [main] s.w.s.m.m.a.RequestMappingHandlerMapping : Mapped "{[/error],methods=[],params=[],headers=[],consumes=[],produces=[],custom=[]}" onto public org.springframework.http.ResponseEntity<java.util.Map<java.lang.String, java.lang.Object>> org.springframework.boot.autoconfigure.web.BasicErrorController.error(javax.servlet.http.HttpServletRequest)
2015-04-23 21:25:39.587  INFO 3272 --- [main] s.w.s.m.m.a.RequestMappingHandlerMapping : Mapped "{[/error],methods=[],params=[],headers=[],consumes=[],produces=[text/html],custom=[]}" onto public org.springframework.web.servlet.ModelAndView org.springframework.boot.autoconfigure.web.BasicErrorController.errorHtml(javax.servlet.http.HttpServletRequest)
2015-04-23 21:25:39.614  INFO 3272 --- [main] o.s.w.s.handler.SimpleUrlHandlerMapping  : Mapped URL path [/**] onto handler of type [class org.springframework.web.servlet.resource.ResourceHttpRequestHandler]
2015-04-23 21:25:39.614  INFO 3272 --- [main] o.s.w.s.handler.SimpleUrlHandlerMapping  : Mapped URL path [/webjars/**] onto handler of type [class org.springframework.web.servlet.resource.ResourceHttpRequestHandler]
2015-04-23 21:25:39.652  INFO 3272 --- [main] o.s.w.s.handler.SimpleUrlHandlerMapping  : Mapped URL path [/**/favicon.ico] onto handler of type [class org.springframework.web.servlet.resource.ResourceHttpRequestHandler]
2015-04-23 21:25:40.003  INFO 3272 --- [main] o.s.j.e.a.AnnotationMBeanExporter        : Registering beans for JMX exposure on startup
2015-04-23 21:25:40.047  INFO 3272 --- [main] s.b.c.e.t.TomcatEmbeddedServletContainer : Tomcat started on port(s): 8080 (http)
2015-04-23 21:25:40.049  INFO 3272 --- [main] hello.Application                        : Started Application in 3.52 seconds (JVM running for 3.802)
2015-04-23 21:26:06.994  INFO 3272 --- [http-nio-8080-exec-1] o.a.c.c.C.[Tomcat].[localhost].[/]       : Initializing Spring FrameworkServlet 'dispatcherServlet'
2015-04-23 21:26:06.994  INFO 3272 --- [http-nio-8080-exec-1] o.s.web.servlet.DispatcherServlet        : FrameworkServlet 'dispatcherServlet': initialization started
2015-04-23 21:26:07.009  INFO 3272 --- [http-nio-8080-exec-1] o.s.web.servlet.DispatcherServlet        : FrameworkServlet 'dispatcherServlet': initialization completed in 14 ms
2015-04-23 21:26:07.033 DEBUG 3272 --- [http-nio-8080-exec-1] server.BackendImpl                       : getEmployees() started
2015-04-23 21:26:07.037  INFO 3272 --- [http-nio-8080-exec-1] s.c.a.AnnotationConfigApplicationContext : Refreshing org.springframework.context.annotation.AnnotationConfigApplicationContext@425b37b8: startup date [Thu Apr 23 21:26:07 CEST 2015]; root of context hierarchy
2015-04-23 21:26:07.059 DEBUG 3272 --- [http-nio-8080-exec-1] server.BackendImpl                       : Value of mongoClientURIProperty = null
2015-04-23 21:26:07.060 DEBUG 3272 --- [http-nio-8080-exec-1] server.BackendImpl                       : Value of applicationConfigBean = ApplicationConfigBean{mongoClientURI='mongodb://@localhost:33599/ictdynamic'}
2015-04-23 21:26:07.060 DEBUG 3272 --- [http-nio-8080-exec-1] server.BackendImpl                       : Value of mongoClientURI = mongodb://@localhost:33599/ictdynamic
2015-04-23 21:26:17.066 ERROR 3272 --- [http-nio-8080-exec-1] hello.GreetingController                 : >>>Fatal Error : com.mongodb.MongoTimeoutException: Timed out after 10000 ms while waiting to connect. Client view of cluster state is {type=Unknown, servers=[{address=@localhost:33599, type=Unknown, state=Connecting, exception={com.mongodb.MongoException$Network: Exception opening the socket}, caused by {java.net.UnknownHostException: @localhost}}]
2015-04-23 21:27:50.018  INFO 9852 --- [main] hello.Application                        : Starting Application on HLN-ICT-L069 with PID 9852 (started by wvandenbrande in C:\wim\persgroep\java projecten\rest0)
2015-04-23 21:27:50.059  INFO 9852 --- [main] ationConfigEmbeddedWebApplicationContext : Refreshing org.springframework.boot.context.embedded.AnnotationConfigEmbeddedWebApplicationContext@23e960ab: startup date [Thu Apr 23 21:27:50 CEST 2015]; root of context hierarchy
2015-04-23 21:27:50.714  INFO 9852 --- [main] o.s.b.f.s.DefaultListableBeanFactory     : Overriding bean definition for bean 'beanNameViewResolver': replacing [Root bean: class [null]; scope=; abstract=false; lazyInit=false; autowireMode=3; dependencyCheck=0; autowireCandidate=true; primary=false; factoryBeanName=org.springframework.boot.autoconfigure.web.ErrorMvcAutoConfiguration$WhitelabelErrorViewConfiguration; factoryMethodName=beanNameViewResolver; initMethodName=null; destroyMethodName=(inferred); defined in class path resource [org/springframework/boot/autoconfigure/web/ErrorMvcAutoConfiguration$WhitelabelErrorViewConfiguration.class]] with [Root bean: class [null]; scope=; abstract=false; lazyInit=false; autowireMode=3; dependencyCheck=0; autowireCandidate=true; primary=false; factoryBeanName=org.springframework.boot.autoconfigure.web.WebMvcAutoConfiguration$WebMvcAutoConfigurationAdapter; factoryMethodName=beanNameViewResolver; initMethodName=null; destroyMethodName=(inferred); defined in class path resource [org/springframework/boot/autoconfigure/web/WebMvcAutoConfiguration$WebMvcAutoConfigurationAdapter.class]]
2015-04-23 21:27:51.608  INFO 9852 --- [main] s.b.c.e.t.TomcatEmbeddedServletContainer : Tomcat initialized with port(s): 8080 (http)
2015-04-23 21:27:51.825  INFO 9852 --- [main] o.apache.catalina.core.StandardService   : Starting service Tomcat
2015-04-23 21:27:51.827  INFO 9852 --- [main] org.apache.catalina.core.StandardEngine  : Starting Servlet Engine: Apache Tomcat/8.0.20
2015-04-23 21:27:51.930  INFO 9852 --- [localhost-startStop-1] o.a.c.c.C.[Tomcat].[localhost].[/]       : Initializing Spring embedded WebApplicationContext
2015-04-23 21:27:51.930  INFO 9852 --- [localhost-startStop-1] o.s.web.context.ContextLoader            : Root WebApplicationContext: initialization completed in 1873 ms
2015-04-23 21:27:52.574  INFO 9852 --- [localhost-startStop-1] o.s.b.c.e.ServletRegistrationBean        : Mapping servlet: 'dispatcherServlet' to [/]
2015-04-23 21:27:52.578  INFO 9852 --- [localhost-startStop-1] o.s.b.c.embedded.FilterRegistrationBean  : Mapping filter: 'characterEncodingFilter' to: [/*]
2015-04-23 21:27:52.579  INFO 9852 --- [localhost-startStop-1] o.s.b.c.embedded.FilterRegistrationBean  : Mapping filter: 'hiddenHttpMethodFilter' to: [/*]
2015-04-23 21:27:52.724  INFO 9852 --- [main] s.w.s.m.m.a.RequestMappingHandlerAdapter : Looking for @ControllerAdvice: org.springframework.boot.context.embedded.AnnotationConfigEmbeddedWebApplicationContext@23e960ab: startup date [Thu Apr 23 21:27:50 CEST 2015]; root of context hierarchy
2015-04-23 21:27:52.777  INFO 9852 --- [main] s.w.s.m.m.a.RequestMappingHandlerMapping : Mapped "{[/greeting],methods=[GET],params=[],headers=[],consumes=[],produces=[application/json],custom=[]}" onto public hello.Greeting hello.GreetingController.greeting(java.lang.String)
2015-04-23 21:27:52.779  INFO 9852 --- [main] s.w.s.m.m.a.RequestMappingHandlerMapping : Mapped "{[/employee/{id}],methods=[GET],params=[],headers=[],consumes=[],produces=[application/json],custom=[]}" onto public java.util.List<domain.Employee> hello.GreetingController.getEmployee(java.lang.Integer)
2015-04-23 21:27:52.782  INFO 9852 --- [main] s.w.s.m.m.a.RequestMappingHandlerMapping : Mapped "{[/error],methods=[],params=[],headers=[],consumes=[],produces=[],custom=[]}" onto public org.springframework.http.ResponseEntity<java.util.Map<java.lang.String, java.lang.Object>> org.springframework.boot.autoconfigure.web.BasicErrorController.error(javax.servlet.http.HttpServletRequest)
2015-04-23 21:27:52.783  INFO 9852 --- [main] s.w.s.m.m.a.RequestMappingHandlerMapping : Mapped "{[/error],methods=[],params=[],headers=[],consumes=[],produces=[text/html],custom=[]}" onto public org.springframework.web.servlet.ModelAndView org.springframework.boot.autoconfigure.web.BasicErrorController.errorHtml(javax.servlet.http.HttpServletRequest)
2015-04-23 21:27:52.812  INFO 9852 --- [main] o.s.w.s.handler.SimpleUrlHandlerMapping  : Mapped URL path [/**] onto handler of type [class org.springframework.web.servlet.resource.ResourceHttpRequestHandler]
2015-04-23 21:27:52.812  INFO 9852 --- [main] o.s.w.s.handler.SimpleUrlHandlerMapping  : Mapped URL path [/webjars/**] onto handler of type [class org.springframework.web.servlet.resource.ResourceHttpRequestHandler]
2015-04-23 21:27:52.850  INFO 9852 --- [main] o.s.w.s.handler.SimpleUrlHandlerMapping  : Mapped URL path [/**/favicon.ico] onto handler of type [class org.springframework.web.servlet.resource.ResourceHttpRequestHandler]
2015-04-23 21:27:53.208  INFO 9852 --- [main] o.s.j.e.a.AnnotationMBeanExporter        : Registering beans for JMX exposure on startup
2015-04-23 21:27:53.256  INFO 9852 --- [main] s.b.c.e.t.TomcatEmbeddedServletContainer : Tomcat started on port(s): 8080 (http)
2015-04-23 21:27:53.257  INFO 9852 --- [main] hello.Application                        : Started Application in 3.531 seconds (JVM running for 3.847)
2015-04-23 21:28:03.171  INFO 9852 --- [http-nio-8080-exec-1] o.a.c.c.C.[Tomcat].[localhost].[/]       : Initializing Spring FrameworkServlet 'dispatcherServlet'
2015-04-23 21:28:03.171  INFO 9852 --- [http-nio-8080-exec-1] o.s.web.servlet.DispatcherServlet        : FrameworkServlet 'dispatcherServlet': initialization started
2015-04-23 21:28:03.187  INFO 9852 --- [http-nio-8080-exec-1] o.s.web.servlet.DispatcherServlet        : FrameworkServlet 'dispatcherServlet': initialization completed in 16 ms
2015-04-23 21:28:03.212 DEBUG 9852 --- [http-nio-8080-exec-1] server.BackendImpl                       : getEmployees() started
2015-04-23 21:28:03.216  INFO 9852 --- [http-nio-8080-exec-1] s.c.a.AnnotationConfigApplicationContext : Refreshing org.springframework.context.annotation.AnnotationConfigApplicationContext@61e5def6: startup date [Thu Apr 23 21:28:03 CEST 2015]; root of context hierarchy
2015-04-23 21:28:03.239 DEBUG 9852 --- [http-nio-8080-exec-1] server.BackendImpl                       : Value of mongoClientURIProperty = null
2015-04-23 21:28:03.239 DEBUG 9852 --- [http-nio-8080-exec-1] server.BackendImpl                       : Value of applicationConfigBean = ApplicationConfigBean{mongoClientURI='mongodb://user1:user15905@ds033599.mongolab.com:33599/ictdynamic'}
2015-04-23 21:28:03.239 DEBUG 9852 --- [http-nio-8080-exec-1] server.BackendImpl                       : Value of mongoClientURI = mongodb://user1:user15905@ds033599.mongolab.com:33599/ictdynamic
2015-04-26 17:33:46.017  INFO 8316 --- [main] hello.Application                        : Starting Application on HLN-ICT-L069 with PID 8316 (started by wvandenbrande in C:\wim\persgroep\java projecten\rest0)
2015-04-26 17:33:46.064  INFO 8316 --- [main] ationConfigEmbeddedWebApplicationContext : Refreshing org.springframework.boot.context.embedded.AnnotationConfigEmbeddedWebApplicationContext@23e960ab: startup date [Sun Apr 26 17:33:46 CEST 2015]; root of context hierarchy
2015-04-26 17:33:46.757  INFO 8316 --- [main] o.s.b.f.s.DefaultListableBeanFactory     : Overriding bean definition for bean 'beanNameViewResolver': replacing [Root bean: class [null]; scope=; abstract=false; lazyInit=false; autowireMode=3; dependencyCheck=0; autowireCandidate=true; primary=false; factoryBeanName=org.springframework.boot.autoconfigure.web.ErrorMvcAutoConfiguration$WhitelabelErrorViewConfiguration; factoryMethodName=beanNameViewResolver; initMethodName=null; destroyMethodName=(inferred); defined in class path resource [org/springframework/boot/autoconfigure/web/ErrorMvcAutoConfiguration$WhitelabelErrorViewConfiguration.class]] with [Root bean: class [null]; scope=; abstract=false; lazyInit=false; autowireMode=3; dependencyCheck=0; autowireCandidate=true; primary=false; factoryBeanName=org.springframework.boot.autoconfigure.web.WebMvcAutoConfiguration$WebMvcAutoConfigurationAdapter; factoryMethodName=beanNameViewResolver; initMethodName=null; destroyMethodName=(inferred); defined in class path resource [org/springframework/boot/autoconfigure/web/WebMvcAutoConfiguration$WebMvcAutoConfigurationAdapter.class]]
2015-04-26 17:33:47.792  INFO 8316 --- [main] s.b.c.e.t.TomcatEmbeddedServletContainer : Tomcat initialized with port(s): 8080 (http)
2015-04-26 17:33:48.061  INFO 8316 --- [main] o.apache.catalina.core.StandardService   : Starting service Tomcat
2015-04-26 17:33:48.063  INFO 8316 --- [main] org.apache.catalina.core.StandardEngine  : Starting Servlet Engine: Apache Tomcat/8.0.20
2015-04-26 17:33:48.180  INFO 8316 --- [localhost-startStop-1] o.a.c.c.C.[Tomcat].[localhost].[/]       : Initializing Spring embedded WebApplicationContext
2015-04-26 17:33:48.181  INFO 8316 --- [localhost-startStop-1] o.s.web.context.ContextLoader            : Root WebApplicationContext: initialization completed in 2119 ms
2015-04-26 17:33:48.946  INFO 8316 --- [localhost-startStop-1] o.s.b.c.e.ServletRegistrationBean        : Mapping servlet: 'dispatcherServlet' to [/]
2015-04-26 17:33:48.951  INFO 8316 --- [localhost-startStop-1] o.s.b.c.embedded.FilterRegistrationBean  : Mapping filter: 'characterEncodingFilter' to: [/*]
2015-04-26 17:33:48.951  INFO 8316 --- [localhost-startStop-1] o.s.b.c.embedded.FilterRegistrationBean  : Mapping filter: 'hiddenHttpMethodFilter' to: [/*]
2015-04-26 17:33:49.109  INFO 8316 --- [main] s.w.s.m.m.a.RequestMappingHandlerAdapter : Looking for @ControllerAdvice: org.springframework.boot.context.embedded.AnnotationConfigEmbeddedWebApplicationContext@23e960ab: startup date [Sun Apr 26 17:33:46 CEST 2015]; root of context hierarchy
2015-04-26 17:33:49.178  INFO 8316 --- [main] s.w.s.m.m.a.RequestMappingHandlerMapping : Mapped "{[/greeting],methods=[GET],params=[],headers=[],consumes=[],produces=[application/json],custom=[]}" onto public hello.Greeting hello.GreetingController.greeting(java.lang.String)
2015-04-26 17:33:49.182  INFO 8316 --- [main] s.w.s.m.m.a.RequestMappingHandlerMapping : Mapped "{[/employee/{id}],methods=[GET],params=[],headers=[],consumes=[],produces=[application/json],custom=[]}" onto public java.util.List<domain.Employee> hello.GreetingController.getEmployee(java.lang.Integer)
2015-04-26 17:33:49.189  INFO 8316 --- [main] s.w.s.m.m.a.RequestMappingHandlerMapping : Mapped "{[/error],methods=[],params=[],headers=[],consumes=[],produces=[],custom=[]}" onto public org.springframework.http.ResponseEntity<java.util.Map<java.lang.String, java.lang.Object>> org.springframework.boot.autoconfigure.web.BasicErrorController.error(javax.servlet.http.HttpServletRequest)
2015-04-26 17:33:49.191  INFO 8316 --- [main] s.w.s.m.m.a.RequestMappingHandlerMapping : Mapped "{[/error],methods=[],params=[],headers=[],consumes=[],produces=[text/html],custom=[]}" onto public org.springframework.web.servlet.ModelAndView org.springframework.boot.autoconfigure.web.BasicErrorController.errorHtml(javax.servlet.http.HttpServletRequest)
2015-04-26 17:33:49.255  INFO 8316 --- [main] o.s.w.s.handler.SimpleUrlHandlerMapping  : Mapped URL path [/**] onto handler of type [class org.springframework.web.servlet.resource.ResourceHttpRequestHandler]
2015-04-26 17:33:49.256  INFO 8316 --- [main] o.s.w.s.handler.SimpleUrlHandlerMapping  : Mapped URL path [/webjars/**] onto handler of type [class org.springframework.web.servlet.resource.ResourceHttpRequestHandler]
2015-04-26 17:33:49.313  INFO 8316 --- [main] o.s.w.s.handler.SimpleUrlHandlerMapping  : Mapped URL path [/**/favicon.ico] onto handler of type [class org.springframework.web.servlet.resource.ResourceHttpRequestHandler]
2015-04-26 17:33:49.708  INFO 8316 --- [main] o.s.j.e.a.AnnotationMBeanExporter        : Registering beans for JMX exposure on startup
2015-04-26 17:33:49.795  INFO 8316 --- [main] s.b.c.e.t.TomcatEmbeddedServletContainer : Tomcat started on port(s): 8080 (http)
2015-04-26 17:33:49.796  INFO 8316 --- [main] hello.Application                        : Started Application in 4.273 seconds (JVM running for 4.787)
2015-04-26 17:33:55.903  INFO 8316 --- [Thread-1] ationConfigEmbeddedWebApplicationContext : Closing org.springframework.boot.context.embedded.AnnotationConfigEmbeddedWebApplicationContext@23e960ab: startup date [Sun Apr 26 17:33:46 CEST 2015]; root of context hierarchy
2015-04-26 17:33:55.905  INFO 8316 --- [Thread-1] o.s.j.e.a.AnnotationMBeanExporter        : Unregistering JMX-exposed beans on shutdown
